<?xml version="1.0" encoding="UTF-8"?>
<!-- Generated by org.testng.reporters.JUnitReportReporter -->
<testsuite skipped="0" hostname="DESKTOP-5GI3OCP" name="com.crm.tests.HomePageTest" tests="2" failures="0" timestamp="01 Feb 2022 05:53:41 GMT" time="17.138" errors="0">
  <testcase name="verifyHomePageLogoTest" time="8.727" classname="com.crm.tests.HomePageTest"/>
  <testcase name="HomeLinkPresentTest" time="8.411" classname="com.crm.tests.HomePageTest"/>
</testsuite> <!-- com.crm.tests.HomePageTest -->
