<?xml version="1.0" encoding="UTF-8"?>
<!-- Generated by org.testng.reporters.JUnitReportReporter -->
<testsuite skipped="0" hostname="DESKTOP-5GI3OCP" name="com.crm.tests.LoginPageTest" tests="2" failures="0" timestamp="01 Feb 2022 05:53:41 GMT" time="12.761" errors="0">
  <testcase name="getLoginPageTitleTest" time="3.887" classname="com.crm.tests.LoginPageTest"/>
  <testcase name="doLoginTest" time="8.874" classname="com.crm.tests.LoginPageTest"/>
</testsuite> <!-- com.crm.tests.LoginPageTest -->
