<?xml version="1.0" encoding="UTF-8"?>
<!-- Generated by org.testng.reporters.JUnitReportReporter -->
<testsuite skipped="0" hostname="DESKTOP-5GI3OCP" name="com.crm.tests.HomePageTest" tests="2" failures="0" timestamp="01 Feb 2022 20:05:32 GMT" time="11.640" errors="0">
  <testcase name="verifyHomePageLogoTest" time="6.043" classname="com.crm.tests.HomePageTest"/>
  <testcase name="HomeLinkPresentTest" time="5.597" classname="com.crm.tests.HomePageTest"/>
</testsuite> <!-- com.crm.tests.HomePageTest -->
